<?xml version="1.0" encoding="UTF-8"?>
<testng-results skipped="0" failed="0" ignored="0" total="1" passed="1">
  <reporter-output>
  </reporter-output>
  <suite name="Default suite" duration-ms="19900" started-at="2020-07-16T15:18:30Z" finished-at="2020-07-16T15:18:50Z">
    <groups>
    </groups>
    <test name="Default test" duration-ms="19900" started-at="2020-07-16T15:18:30Z" finished-at="2020-07-16T15:18:50Z">
      <class name="testngPractice">
        <test-method status="PASS" signature="test()[pri:0, instance:testngPractice@fc185]" name="test" duration-ms="19844" started-at="2020-07-16T20:48:30Z" finished-at="2020-07-16T20:48:50Z">
          <reporter-output>
          </reporter-output>
        </test-method> <!-- test -->
      </class> <!-- testngPractice -->
    </test> <!-- Default test -->
  </suite> <!-- Default suite -->
</testng-results>
