<?xml version="1.0" encoding="UTF-8"?>
<testng-results skipped="0" failed="0" ignored="0" total="1" passed="1">
  <reporter-output>
  </reporter-output>
  <suite name="Default suite" duration-ms="24449" started-at="2020-07-17T15:00:42Z" finished-at="2020-07-17T15:01:06Z">
    <groups>
    </groups>
    <test name="Default test" duration-ms="24449" started-at="2020-07-17T15:00:42Z" finished-at="2020-07-17T15:01:06Z">
      <class name="testngPractice">
        <test-method status="PASS" signature="test()[pri:0, instance:testngPractice@15eef3d]" name="test" duration-ms="24402" started-at="2020-07-17T20:30:42Z" finished-at="2020-07-17T20:31:06Z">
          <reporter-output>
          </reporter-output>
        </test-method> <!-- test -->
      </class> <!-- testngPractice -->
    </test> <!-- Default test -->
  </suite> <!-- Default suite -->
</testng-results>
